This is LuaTeX, Version 1.0.4 (TeX Live 2017)  (format=lualatex 2017.8.6)  9 AUG 2017 16:58
 system commands enabled.
**user_guide.tex
(./user_guide.tex
LaTeX2e <2017-04-15>
Lua module: luaotfload-main 2017/01/29 2.80001 OpenType layout system.
Lua module: lualibs 2017-02-01 2.5 ConTeXt Lua standard libraries.
Lua module: lualibs-extended 2017-02-01 2.5 ConTeXt Lua libraries -- extended co
llection.(using write cache: /Users/jreinhold/Library/texlive/2017/texmf-var/lua
tex-cache/generic)(using read cache: /usr/local/texlive/2017/texmf-var/luatex-ca
che/generic /Users/jreinhold/Library/texlive/2017/texmf-var/luatex-cache/generic
)
luaotfload | conf : Root cache directory is /Users/jreinhold/Library/texlive/201
7/texmf-var/luatex-cache/generic/names.
luaotfload | init : Loading fontloader “fontloader-2017-02-11.lua” from kpse
-resolved path “/usr/local/texlive/2017/texmf-dist/tex/luatex/luaotfload/fontl
oader-2017-02-11.lua”.
Lua-only attribute luaotfload@state = 1
Lua-only attribute luaotfload@noligature = 2
Lua-only attribute luaotfload@syllabe = 3
luaotfload | init : Context OpenType loader version “3.027”
Inserting `luaotfload.node_processor' at position 1 in `pre_linebreak_filter'.
Inserting `luaotfload.node_processor' at position 1 in `hpack_filter'.
Inserting `luaotfload.define_font' at position 1 in `define_font'.
Lua-only attribute luaotfload_color_attribute = 4
luaotfload | conf : Root cache directory is /Users/jreinhold/Library/texlive/201
7/texmf-var/luatex-cache/generic/names.
Inserting `luaotfload.aux.set_sscale_dimens' at position 1 in `luaotfload.patch_
font'.
Inserting `luaotfload.aux.patch_cambria_domh' at position 2 in `luaotfload.patch
_font'.
Inserting `luaotfload.aux.fixup_fontdata' at position 1 in `luaotfload.patch_fon
t_unsafe'.
Inserting `luaotfload.aux.set_capheight' at position 3 in `luaotfload.patch_font
'.
Inserting `luaotfload.rewrite_fontname' at position 4 in `luaotfload.patch_font'
.
luaotfload | main : initialization completed in 0.180 seconds
Babel <3.12> and hyphenation patterns for 1 language(s) loaded.
(/usr/local/texlive/2017/texmf-dist/tex/latex/base/article.cls
Document Class: article 2014/09/29 v1.4h Standard LaTeX document class
(/usr/local/texlive/2017/texmf-dist/tex/latex/base/size12.clo
File: size12.clo 2014/09/29 v1.4h Standard LaTeX file (size option)
luaotfload | db : Font names database loaded from /Users/jreinhold/Library/texli
ve/2017/texmf-var/luatex-cache/generic/names/luaotfload-names.luc(load luc: /Use
rs/jreinhold/Library/texlive/2017/texmf-var/luatex-cache/generic/fonts/otl/lmrom
an12-regular.luc))
\c@part=\count79
\c@section=\count80
\c@subsection=\count81
\c@subsubsection=\count82
\c@paragraph=\count83
\c@subparagraph=\count84
\c@figure=\count85
\c@table=\count86
\abovecaptionskip=\skip41
\belowcaptionskip=\skip42
\bibindent=\dimen102
) (./user_guide.aux)
\openout1 = user_guide.aux

LaTeX Font Info:    Checking defaults for OML/cmm/m/it on input line 2.
LaTeX Font Info:    ... okay on input line 2.
LaTeX Font Info:    Checking defaults for T1/cmr/m/n on input line 2.
LaTeX Font Info:    ... okay on input line 2.
LaTeX Font Info:    Checking defaults for OT1/cmr/m/n on input line 2.
LaTeX Font Info:    ... okay on input line 2.
LaTeX Font Info:    Checking defaults for OMS/cmsy/m/n on input line 2.
LaTeX Font Info:    ... okay on input line 2.
LaTeX Font Info:    Checking defaults for TU/lmr/m/n on input line 2.
LaTeX Font Info:    ... okay on input line 2.
LaTeX Font Info:    Checking defaults for OMX/cmex/m/n on input line 2.
LaTeX Font Info:    ... okay on input line 2.
LaTeX Font Info:    Checking defaults for U/cmr/m/n on input line 2.
LaTeX Font Info:    ... okay on input line 2.
(load luc: /Users/jreinhold/Library/texlive/2017/texmf-var/luatex-cache/generic/
fonts/otl/lmroman17-regular.luc)(load luc: /Users/jreinhold/Library/texlive/2017
/texmf-var/luatex-cache/generic/fonts/otl/lmmono12-regular.luc)
LaTeX Font Info:    External font `cmex10' loaded for size
(Font)              <14.4> on input line 7.
LaTeX Font Info:    External font `cmex10' loaded for size
(Font)              <7> on input line 7.
(load luc: /Users/jreinhold/Library/texlive/2017/texmf-var/luatex-cache/generic/
fonts/otl/lmroman12-bold.luc) [1

{/usr/local/texlive/2017/texmf-var/fonts/map/pdftex/updmap/pdftex.map}] (./user
_guide.aux))

Here is how much of LuaTeX's memory you used:
 249 strings out of 494472
 100000,89155 words of node,token memory allocated
 358 words of node memory still in use:
   2 hlist, 1 vlist, 1 rule, 2 glue, 3 attribute, 46 glue_spec, 3 attribute_list
, 1 write nodes
   avail lists: 2:71,3:11,4:3,5:31,6:120,7:70,8:3,9:19,10:2,11:13
 4458 multiletter control sequences out of 65536+600000
 31 fonts using 2124031 bytes
 22i,6n,19p,131b,195s stack positions out of 5000i,500n,10000p,200000b,100000s
</usr/local/texlive/2017/texmf-dist/fonts/opentype/public/lm/lmroman12-bold.otf>
</usr/local/texlive/2017/texmf-dist/fonts/opentype/public/lm/lmroman12-regular.o
tf></usr/local/texlive/2017/texmf-dist/fonts/opentype/public/lm/lmroman17-regula
r.otf></usr/local/texlive/2017/texmf-dist/fonts/opentype/public/lm/lmmono12-regu
lar.otf>
Output written on user_guide.pdf (1 page, 12212 bytes).

PDF statistics: 36 PDF objects out of 1000 (max. 8388607)
 20 compressed objects within 1 object stream
 0 named destinations out of 1000 (max. 131072)
 1 words of extra memory for PDF output out of 10000 (max. 100000000)

